<?xml version="1.0" encoding="UTF-8"?>
<testsuite xmlns:xsi="http://www.w3.org/2001/XMLSchema-instance" xsi:noNamespaceSchemaLocation="https://maven.apache.org/surefire/maven-surefire-plugin/xsd/surefire-test-report-3.0.xsd" version="3.0" name="com.nataliogomes.eventmanager.EventmanagerApplicationTests" time="1.795" tests="1" errors="0" skipped="0" failures="0">
  <properties>
[...]
</properties>
  <testcase name="contextLoads" classname="com.nataliogomes.eventmanager.EventmanagerApplicationTests" time="0.399">
    <system-out><![CDATA[15:37:44.013 [main] INFO org.springframework.test.context.support.AnnotationConfigContextLoaderUtils -- Could not detect default configuration classes for test class [com.nataliogomes.eventmanager.EventmanagerApplicationTests]: EventmanagerApplicationTests does not declare any static, non-private, non-final, nested classes annotated with @Configuration.
15:37:44.064 [main] INFO org.springframework.boot.test.context.SpringBootTestContextBootstrapper -- Found @SpringBootConfiguration com.nataliogomes.eventmanager.EventmanagerApplication for test class com.nataliogomes.eventmanager.EventmanagerApplicationTests

  .   ____          _            __ _ _
 /\\ / ___'_ __ _ _(_)_ __  __ _ \ \ \ \
( ( )\___ | '_ | '_| | '_ \/ _` | \ \ \ \
 \\/  ___)| |_)| | | | | || (_| |  ) ) ) )
  '  |____| .__|_| |_|_| |_\__, | / / / /
 =========|_|==============|___/=/_/_/_/
 :: Spring Boot ::       (v3.2.0-SNAPSHOT)

2023-09-04T15:37:44.236-04:00  INFO 58323 --- [           main] c.n.e.EventmanagerApplicationTests       : Starting EventmanagerApplicationTests using Java 20.0.2 with PID 58323 (started by nataliogomes in /Users/nataliogomes/Desktop/Projects/ManageMyEvents/eventmanager)
2023-09-04T15:37:44.237-04:00  INFO 58323 --- [           main] c.n.e.EventmanagerApplicationTests       : No active profile set, falling back to 1 default profile: "default"
2023-09-04T15:37:44.477-04:00  INFO 58323 --- [           main] .s.d.r.c.RepositoryConfigurationDelegate : Bootstrapping Spring Data MongoDB repositories in DEFAULT mode.
2023-09-04T15:37:44.494-04:00  INFO 58323 --- [           main] .s.d.r.c.RepositoryConfigurationDelegate : Finished Spring Data repository scanning in 15 ms. Found 1 MongoDB repository interfaces.
2023-09-04T15:37:44.697-04:00  INFO 58323 --- [           main] org.mongodb.driver.client                : MongoClient with metadata {"driver": {"name": "mongo-java-driver|sync|spring-boot", "version": "4.10.2"}, "os": {"type": "Darwin", "name": "Mac OS X", "architecture": "aarch64", "version": "13.4.1"}, "platform": "Java/Oracle Corporation/20.0.2+9-78"} created with settings MongoClientSettings{readPreference=primary, writeConcern=WriteConcern{w=null, wTimeout=null ms, journal=null}, retryWrites=true, retryReads=true, readConcern=ReadConcern{level=null}, credential=MongoCredential{mechanism=null, userName='nataliogomes707', source='admin', password=<hidden>, mechanismProperties=<hidden>}, streamFactoryFactory=null, commandListeners=[], codecRegistry=ProvidersCodecRegistry{codecProviders=[ValueCodecProvider{}, BsonValueCodecProvider{}, DBRefCodecProvider{}, DBObjectCodecProvider{}, DocumentCodecProvider{}, CollectionCodecProvider{}, IterableCodecProvider{}, MapCodecProvider{}, GeoJsonCodecProvider{}, GridFSFileCodecProvider{}, Jsr310CodecProvider{}, JsonObjectCodecProvider{}, BsonCodecProvider{}, EnumCodecProvider{}, com.mongodb.client.model.mql.ExpressionCodecProvider@40729f01, com.mongodb.Jep395RecordCodecProvider@d535a3d, com.mongodb.KotlinCodecProvider@2d760326]}, loggerSettings=LoggerSettings{maxDocumentLength=1000}, clusterSettings={hosts=[127.0.0.1:27017], srvHost=cluster0.hvfclvw.mongodb.net, srvServiceName=mongodb, mode=MULTIPLE, requiredClusterType=REPLICA_SET, requiredReplicaSetName='atlas-hkxbgk-shard-0', serverSelector='null', clusterListeners='[]', serverSelectionTimeout='30000 ms', localThreshold='30000 ms'}, socketSettings=SocketSettings{connectTimeoutMS=10000, readTimeoutMS=0, receiveBufferSize=0, sendBufferSize=0}, heartbeatSocketSettings=SocketSettings{connectTimeoutMS=10000, readTimeoutMS=10000, receiveBufferSize=0, sendBufferSize=0}, connectionPoolSettings=ConnectionPoolSettings{maxSize=100, minSize=0, maxWaitTimeMS=120000, maxConnectionLifeTimeMS=0, maxConnectionIdleTimeMS=0, maintenanceInitialDelayMS=0, maintenanceFrequencyMS=60000, connectionPoolListeners=[], maxConnecting=2}, serverSettings=ServerSettings{heartbeatFrequencyMS=10000, minHeartbeatFrequencyMS=500, serverListeners='[]', serverMonitorListeners='[]'}, sslSettings=SslSettings{enabled=true, invalidHostNameAllowed=false, context=null}, applicationName='null', compressorList=[], uuidRepresentation=JAVA_LEGACY, serverApi=null, autoEncryptionSettings=null, dnsClient=null, inetAddressResolver=null, contextProvider=null}
2023-09-04T15:37:44.798-04:00  INFO 58323 --- [lvw.mongodb.net] org.mongodb.driver.cluster               : Adding discovered server ac-xacena2-shard-00-00.hvfclvw.mongodb.net:27017 to client view of cluster
2023-09-04T15:37:44.807-04:00  INFO 58323 --- [lvw.mongodb.net] org.mongodb.driver.cluster               : Adding discovered server ac-xacena2-shard-00-01.hvfclvw.mongodb.net:27017 to client view of cluster
2023-09-04T15:37:44.808-04:00  INFO 58323 --- [lvw.mongodb.net] org.mongodb.driver.cluster               : Adding discovered server ac-xacena2-shard-00-02.hvfclvw.mongodb.net:27017 to client view of cluster
2023-09-04T15:37:44.930-04:00  INFO 58323 --- [           main] o.s.b.a.w.s.WelcomePageHandlerMapping    : Adding welcome page template: index
2023-09-04T15:37:45.060-04:00  INFO 58323 --- [           main] c.n.e.EventmanagerApplicationTests       : Started EventmanagerApplicationTests in 0.927 seconds (process running for 1.346)
2023-09-04T15:37:45.089-04:00  INFO 58323 --- [           main] org.mongodb.driver.cluster               : No server chosen by WritableServerSelector from cluster description ClusterDescription{type=REPLICA_SET, connectionMode=MULTIPLE, serverDescriptions=[ServerDescription{address=ac-xacena2-shard-00-00.hvfclvw.mongodb.net:27017, type=UNKNOWN, state=CONNECTING}, ServerDescription{address=ac-xacena2-shard-00-01.hvfclvw.mongodb.net:27017, type=UNKNOWN, state=CONNECTING}, ServerDescription{address=ac-xacena2-shard-00-02.hvfclvw.mongodb.net:27017, type=UNKNOWN, state=CONNECTING}]}. Waiting for 30000 ms before timing out
2023-09-04T15:37:45.111-04:00  INFO 58323 --- [ngodb.net:27017] org.mongodb.driver.cluster               : Monitor thread successfully connected to server with description ServerDescription{address=ac-xacena2-shard-00-02.hvfclvw.mongodb.net:27017, type=REPLICA_SET_SECONDARY, state=CONNECTED, ok=true, minWireVersion=0, maxWireVersion=17, maxDocumentSize=16777216, logicalSessionTimeoutMinutes=30, roundTripTimeNanos=165331625, setName='atlas-hkxbgk-shard-0', canonicalAddress=ac-xacena2-shard-00-02.hvfclvw.mongodb.net:27017, hosts=[ac-xacena2-shard-00-00.hvfclvw.mongodb.net:27017, ac-xacena2-shard-00-02.hvfclvw.mongodb.net:27017, ac-xacena2-shard-00-01.hvfclvw.mongodb.net:27017], passives=[], arbiters=[], primary='ac-xacena2-shard-00-01.hvfclvw.mongodb.net:27017', tagSet=TagSet{[Tag{name='nodeType', value='ELECTABLE'}, Tag{name='provider', value='AWS'}, Tag{name='region', value='US_EAST_1'}, Tag{name='workloadType', value='OPERATIONAL'}]}, electionId=null, setVersion=8, topologyVersion=TopologyVersion{processId=64eb567959df660189d31b8b, counter=3}, lastWriteDate=Mon Sep 04 15:37:44 EDT 2023, lastUpdateTimeNanos=172682959079875}
2023-09-04T15:37:45.111-04:00  INFO 58323 --- [ngodb.net:27017] org.mongodb.driver.cluster               : Monitor thread successfully connected to server with description ServerDescription{address=ac-xacena2-shard-00-00.hvfclvw.mongodb.net:27017, type=REPLICA_SET_SECONDARY, state=CONNECTED, ok=true, minWireVersion=0, maxWireVersion=17, maxDocumentSize=16777216, logicalSessionTimeoutMinutes=30, roundTripTimeNanos=165358458, setName='atlas-hkxbgk-shard-0', canonicalAddress=ac-xacena2-shard-00-00.hvfclvw.mongodb.net:27017, hosts=[ac-xacena2-shard-00-00.hvfclvw.mongodb.net:27017, ac-xacena2-shard-00-02.hvfclvw.mongodb.net:27017, ac-xacena2-shard-00-01.hvfclvw.mongodb.net:27017], passives=[], arbiters=[], primary='ac-xacena2-shard-00-01.hvfclvw.mongodb.net:27017', tagSet=TagSet{[Tag{name='nodeType', value='ELECTABLE'}, Tag{name='provider', value='AWS'}, Tag{name='region', value='US_EAST_1'}, Tag{name='workloadType', value='OPERATIONAL'}]}, electionId=null, setVersion=8, topologyVersion=TopologyVersion{processId=64f301656318b27d2760a769, counter=3}, lastWriteDate=Mon Sep 04 15:37:44 EDT 2023, lastUpdateTimeNanos=172682959102458}
2023-09-04T15:37:45.111-04:00  INFO 58323 --- [ngodb.net:27017] org.mongodb.driver.cluster               : Monitor thread successfully connected to server with description ServerDescription{address=ac-xacena2-shard-00-01.hvfclvw.mongodb.net:27017, type=REPLICA_SET_PRIMARY, state=CONNECTED, ok=true, minWireVersion=0, maxWireVersion=17, maxDocumentSize=16777216, logicalSessionTimeoutMinutes=30, roundTripTimeNanos=165335875, setName='atlas-hkxbgk-shard-0', canonicalAddress=ac-xacena2-shard-00-01.hvfclvw.mongodb.net:27017, hosts=[ac-xacena2-shard-00-00.hvfclvw.mongodb.net:27017, ac-xacena2-shard-00-02.hvfclvw.mongodb.net:27017, ac-xacena2-shard-00-01.hvfclvw.mongodb.net:27017], passives=[], arbiters=[], primary='ac-xacena2-shard-00-01.hvfclvw.mongodb.net:27017', tagSet=TagSet{[Tag{name='nodeType', value='ELECTABLE'}, Tag{name='provider', value='AWS'}, Tag{name='region', value='US_EAST_1'}, Tag{name='workloadType', value='OPERATIONAL'}]}, electionId=7fffffff0000000000000114, setVersion=8, topologyVersion=TopologyVersion{processId=64eb558f1144a1c34639670a, counter=6}, lastWriteDate=Mon Sep 04 15:37:44 EDT 2023, lastUpdateTimeNanos=172682959070291}
2023-09-04T15:37:45.112-04:00  INFO 58323 --- [ngodb.net:27017] org.mongodb.driver.cluster               : Discovered replica set primary ac-xacena2-shard-00-01.hvfclvw.mongodb.net:27017 with max election id 7fffffff0000000000000114 and max set version 8
]]></system-out>
  </testcase>
</testsuite>